[9602:9602:0920/195649.146398:WARNING:chrome_main_delegate.cc(742)] This is Chrome version 128.0.6613.119 (not a warning)
[9602:9602:0920/195649.262224:WARNING:account_consistency_mode_manager.cc(77)] Desktop Identity Consistency cannot be enabled as no OAuth client ID and client secret have been configured.
[9602:9685:0920/195649.343094:ERROR:object_proxy.cc(576)] Failed to call method: org.freedesktop.DBus.Properties.Get: object_path= /org/freedesktop/UPower: org.freedesktop.DBus.Error.ServiceUnknown: The name org.freedesktop.UPower was not provided by any .service files
[9602:9685:0920/195649.343127:WARNING:property.cc(149)] DaemonVersion: GetAndBlock: failed.
[9602:9685:0920/195649.343264:ERROR:object_proxy.cc(576)] Failed to call method: org.freedesktop.UPower.GetDisplayDevice: object_path= /org/freedesktop/UPower: org.freedesktop.DBus.Error.ServiceUnknown: The name org.freedesktop.UPower was not provided by any .service files
[9602:9685:0920/195649.343357:ERROR:object_proxy.cc(576)] Failed to call method: org.freedesktop.UPower.EnumerateDevices: object_path= /org/freedesktop/UPower: org.freedesktop.DBus.Error.ServiceUnknown: The name org.freedesktop.UPower was not provided by any .service files
[9602:9602:0920/195649.348785:WARNING:idle_linux.cc(105)] None of the known D-Bus ScreenSaver services could be used.
[9635:9635:0920/195649.356863:WARNING:sandbox_linux.cc(430)] InitializeSandbox() called with multiple threads in process gpu-process.
[9637:9657:0920/195649.856940:WARNING:spdy_session.cc(2985)] Received HEADERS for invalid stream 7
[9602:9602:0920/195651.126776:INFO:CONSOLE(2)] "Listener added for a 'DOMSubtreeModified' mutation event. This event type is deprecated, and will be removed from this browser VERY soon. Usage of this event listener will cause performance issues today, and represents a large risk of imminent site breakage. Consider using MutationObserver instead. See https://chromestatus.com/feature/5083947249172480 for more information.", source: https://bin.bnbstatic.com/static/runtime/sentry/7.38.0/bundle.es5.min.js (2)
[9602:9602:0920/195651.777448:INFO:CONSOLE(82)] "Uncaught Error: Minified React error #418; visit https://reactjs.org/docs/error-decoder.html?invariant=418 for the full message or use the non-minified dev environment for full errors and additional helpful warnings.", source: https://bin.bnbstatic.com/static/runtime/react-dom/react-dom.production.min.18.2.0.js (82)
[9602:9602:0920/195651.777663:INFO:CONSOLE(82)] "Uncaught Error: Minified React error #418; visit https://reactjs.org/docs/error-decoder.html?invariant=418 for the full message or use the non-minified dev environment for full errors and additional helpful warnings.", source: https://bin.bnbstatic.com/static/runtime/react-dom/react-dom.production.min.18.2.0.js (82)
[9602:9602:0920/195651.777914:INFO:CONSOLE(82)] "Uncaught Error: Minified React error #418; visit https://reactjs.org/docs/error-decoder.html?invariant=418 for the full message or use the non-minified dev environment for full errors and additional helpful warnings.", source: https://bin.bnbstatic.com/static/runtime/react-dom/react-dom.production.min.18.2.0.js (82)
[9602:9602:0920/195651.778148:INFO:CONSOLE(252)] "Uncaught Error: Minified React error #423; visit https://reactjs.org/docs/error-decoder.html?invariant=423 for the full message or use the non-minified dev environment for full errors and additional helpful warnings.", source: https://bin.bnbstatic.com/static/runtime/react-dom/react-dom.production.min.18.2.0.js (252)
[9663:20:0920/195652.219031:INFO:peer_connection_dependency_factory.cc(735)] Running WebRTC with a combined Network and Worker thread.
[9637:9657:0920/195652.281244:ERROR:socket_manager.cc(147)] Failed to resolve address for stun4.l.google.com., errorcode: -105
[9637:9657:0920/195652.281281:ERROR:socket_manager.cc(147)] Failed to resolve address for stun4.l.google.com., errorcode: -105
[9637:9657:0920/195652.281288:ERROR:socket_manager.cc(147)] Failed to resolve address for stun4.l.google.com., errorcode: -105
[9637:9657:0920/195652.281306:ERROR:socket_manager.cc(147)] Failed to resolve address for stun3.l.google.com., errorcode: -105
[9637:9657:0920/195652.281321:ERROR:socket_manager.cc(147)] Failed to resolve address for stun3.l.google.com., errorcode: -105
[9637:9657:0920/195652.281327:ERROR:socket_manager.cc(147)] Failed to resolve address for stun3.l.google.com., errorcode: -105
[9663:21:0920/195652.283838:WARNING:stun_port.cc(442)] Port[39f3000:0:1:0:host:Net[any:0:0:0:x:x:x:x:x/0:Wildcard:id=0]]: StunPort: stun host lookup received error -1
[9663:21:0920/195652.291315:INFO:ipc_socket_factory.cc(585)] Setting new p2p socket buffer limit to 262144
[9663:21:0920/195652.291431:INFO:ipc_socket_factory.cc(585)] Setting new p2p socket buffer limit to 262144
[9663:21:0920/195652.291550:WARNING:stun_port.cc(442)] Port[39f3800:1:1:0:host:Net[any:0:0:0:x:x:x:x:x/0:Wildcard:id=0]]: StunPort: stun host lookup received error -1
[9663:21:0920/195652.291609:WARNING:stun_port.cc(442)] Port[39f3c00:2:1:0:host:Net[any:0:0:0:x:x:x:x:x/0:Wildcard:id=0]]: StunPort: stun host lookup received error -1
[9663:21:0920/195652.291653:WARNING:stun_port.cc(442)] Port[39f3000:0:1:0:host:Net[any:0:0:0:x:x:x:x:x/0:Wildcard:id=0]]: StunPort: stun host lookup received error -1
[9663:21:0920/195652.291694:WARNING:stun_port.cc(442)] Port[39f3800:1:1:0:host:Net[any:0:0:0:x:x:x:x:x/0:Wildcard:id=0]]: StunPort: stun host lookup received error -1
[9663:21:0920/195652.291734:WARNING:stun_port.cc(442)] Port[39f3c00:2:1:0:host:Net[any:0:0:0:x:x:x:x:x/0:Wildcard:id=0]]: StunPort: stun host lookup received error -1
[9602:9602:0920/195652.382082:WARNING:capture_device_ranking.h(255)] Can't initialize the value of media.audio_input.user_preference_ranking because media.default_audio_capture_device isn't registered or is empty
[9602:9602:0920/195652.382114:WARNING:capture_device_ranking.h(255)] Can't initialize the value of media.video_input.user_preference_ranking because media.default_video_capture_Device isn't registered or is empty
[9602:9602:0920/195653.774291:INFO:CONSOLE(0)] "Access to XMLHttpRequest at 'https://api.saasexch.com/bapi/fe/usd/login?appid=cc1ljun9gpbp8ciciolg' from origin 'https://accounts.binance.com' has been blocked by CORS policy: Response to preflight request doesn't pass access control check: No 'Access-Control-Allow-Origin' header is present on the requested resource.", source: https://accounts.binance.com/ru/login?return_to=aHR0cHM6Ly93d3cuYmluYW5jZS5jb20vcnUvbXkvd2FsbGV0L2FjY291bnQvb3ZlcnZpZXc= (0)
[9637:9655:0920/195701.598906:WARNING:sqlite_persistent_store_backend_base.cc(198)] Failed to post task from FlushAndNotifyInBackground@net/extras/sqlite/sqlite_persistent_store_backend_base.cc:248 to client_task_runner_.
[9637:9655:0920/195701.598946:WARNING:sqlite_persistent_store_backend_base.cc(198)] Failed to post task from FlushAndNotifyInBackground@net/extras/sqlite/sqlite_persistent_store_backend_base.cc:248 to client_task_runner_.
[9602:9602:0920/195701.613928:WARNING:pref_notifier_impl.cc(41)] Pref observer for media_router.cast_allow_all_ips found at shutdown.
